<?xml version="1.0" encoding="UTF-8"?>
<testsuite name="com.utility.ImageCropperTest" tests="3" skipped="0" failures="0" errors="0" timestamp="2015-02-17T06:00:45" hostname="INTejaswini.local" time="0.05">
  <properties/>
  <testcase name="testGetCroppedImageForGif" classname="com.utility.ImageCropperTest" time="0.015"/>
  <testcase name="testGetCroppedImageForJpg" classname="com.utility.ImageCropperTest" time="0.02"/>
  <testcase name="testGetCroppedImageForPng" classname="com.utility.ImageCropperTest" time="0.013"/>
  <system-out><![CDATA[]]></system-out>
  <system-err><![CDATA[]]></system-err>
</testsuite>
