<?xml version="1.0" encoding="UTF-8"?>
<testsuite name="com.utility.ImageCompresserTest" tests="4" skipped="0" failures="0" errors="0" timestamp="2015-02-17T06:00:45" hostname="INTejaswini.local" time="0.846">
  <properties/>
  <testcase name="testgetCompressImageOnQualityFactor" classname="com.utility.ImageCompresserTest" time="0.498"/>
  <testcase name="testgetCompressImageGif" classname="com.utility.ImageCompresserTest" time="0.142"/>
  <testcase name="testgetCompressImagePng" classname="com.utility.ImageCompresserTest" time="0.102"/>
  <testcase name="testgetCompressImageJpeg" classname="com.utility.ImageCompresserTest" time="0.102"/>
  <system-out><![CDATA[]]></system-out>
  <system-err><![CDATA[]]></system-err>
</testsuite>
