<?xml version="1.0" encoding="UTF-8"?>
<testsuite name="com.utility.ImageScalerTest" tests="3" skipped="0" failures="0" errors="0" timestamp="2015-02-17T06:00:45" hostname="INTejaswini.local" time="0.203">
  <properties/>
  <testcase name="testResizeImageForGif" classname="com.utility.ImageScalerTest" time="0.162"/>
  <testcase name="testResizeImageForPng" classname="com.utility.ImageScalerTest" time="0.014"/>
  <testcase name="testResizeImageForJpeg" classname="com.utility.ImageScalerTest" time="0.025"/>
  <system-out><![CDATA[]]></system-out>
  <system-err><![CDATA[]]></system-err>
</testsuite>
